<?xml version="1.0" encoding="UTF-8"?>
<testng-results ignored="0" total="1" passed="0" failed="1" skipped="0">
  <reporter-output>
  </reporter-output>
  <suite started-at="2023-02-01T11:29:20Z" name="Default suite" finished-at="2023-02-01T11:40:46Z" duration-ms="686133">
    <groups>
    </groups>
    <test started-at="2023-02-01T11:29:20Z" name="Default test" finished-at="2023-02-01T11:40:46Z" duration-ms="686133">
      <class name="demartTests.ScroolTillElement">
        <test-method is-config="true" signature="bsConfig()[pri:0, instance:demartTests.ScroolTillElement@7ae0a9ec]" started-at="2023-02-01T11:29:20Z" name="bsConfig" finished-at="2023-02-01T11:29:20Z" duration-ms="10" status="PASS">
          <reporter-output>
          </reporter-output>
        </test-method> <!-- bsConfig -->
        <test-method is-config="true" signature="bcConfig()[pri:0, instance:demartTests.ScroolTillElement@7ae0a9ec]" started-at="2023-02-01T11:29:20Z" name="bcConfig" finished-at="2023-02-01T11:29:32Z" duration-ms="12074" status="PASS">
          <reporter-output>
          </reporter-output>
        </test-method> <!-- bcConfig -->
        <test-method is-config="true" signature="bmConfig()[pri:0, instance:demartTests.ScroolTillElement@7ae0a9ec]" started-at="2023-02-01T11:29:32Z" name="bmConfig" finished-at="2023-02-01T11:29:32Z" duration-ms="1" status="PASS">
          <reporter-output>
          </reporter-output>
        </test-method> <!-- bmConfig -->
        <test-method signature="scroollAddToCart()[pri:0, instance:demartTests.ScroolTillElement@7ae0a9ec]" started-at="2023-02-01T11:29:32Z" name="scroollAddToCart" finished-at="2023-02-01T11:40:46Z" duration-ms="674027" status="FAIL">
          <exception class="org.openqa.selenium.remote.UnreachableBrowserException">
            <message>
              <![CDATA[Error communicating with the remote browser. It may have died.
Build info: version: '4.8.0', revision: '267030adea'
System info: os.name: 'Windows 11', os.arch: 'amd64', os.version: '10.0', java.version: '17.0.4.1'
Driver info: io.appium.java_client.android.AndroidDriver
Command: [887940cb-f5ea-470c-8b81-e75843383ead, findElements {using=xpath, value=//android.widget.TextView[@text='Royal Rasgulla : 1 kg']}]
Capabilities {appium:appActivity: .activity.SplashActivity, appium:appPackage: in.dmart, appium:automationName: uiautomator2, appium:databaseEnabled: false, appium:desired: {appActivity: .activity.SplashActivity, appPackage: in.dmart, automationName: uiautomator2, deviceName: Galaxy, noReset: true, platformName: android, sessionOverride: 10, udid: RZ8R30QM0BB}, appium:deviceApiLevel: 33, appium:deviceManufacturer: samsung, appium:deviceModel: SM-E625F, appium:deviceName: RZ8R30QM0BB, appium:deviceScreenDensity: 450, appium:deviceScreenSize: 1080x2400, appium:deviceUDID: RZ8R30QM0BB, appium:javascriptEnabled: true, appium:locationContextEnabled: false, appium:networkConnectionEnabled: true, appium:noReset: true, appium:pixelRatio: 2.8125, appium:platformVersion: 13, appium:sessionOverride: 10, appium:statBarHeight: 92, appium:takesScreenshot: true, appium:udid: RZ8R30QM0BB, appium:viewportRect: {height: 2174, left: 0, top: 92, width: 1080}, appium:warnings: {}, appium:webStorageEnabled: false, platformName: ANDROID}
Session ID: 887940cb-f5ea-470c-8b81-e75843383ead]]>
            </message>
            <full-stacktrace>
              <![CDATA[org.openqa.selenium.remote.UnreachableBrowserException: Error communicating with the remote browser. It may have died.
Build info: version: '4.8.0', revision: '267030adea'
System info: os.name: 'Windows 11', os.arch: 'amd64', os.version: '10.0', java.version: '17.0.4.1'
Driver info: io.appium.java_client.android.AndroidDriver
Command: [887940cb-f5ea-470c-8b81-e75843383ead, findElements {using=xpath, value=//android.widget.TextView[@text='Royal Rasgulla : 1 kg']}]
Capabilities {appium:appActivity: .activity.SplashActivity, appium:appPackage: in.dmart, appium:automationName: uiautomator2, appium:databaseEnabled: false, appium:desired: {appActivity: .activity.SplashActivity, appPackage: in.dmart, automationName: uiautomator2, deviceName: Galaxy, noReset: true, platformName: android, sessionOverride: 10, udid: RZ8R30QM0BB}, appium:deviceApiLevel: 33, appium:deviceManufacturer: samsung, appium:deviceModel: SM-E625F, appium:deviceName: RZ8R30QM0BB, appium:deviceScreenDensity: 450, appium:deviceScreenSize: 1080x2400, appium:deviceUDID: RZ8R30QM0BB, appium:javascriptEnabled: true, appium:locationContextEnabled: false, appium:networkConnectionEnabled: true, appium:noReset: true, appium:pixelRatio: 2.8125, appium:platformVersion: 13, appium:sessionOverride: 10, appium:statBarHeight: 92, appium:takesScreenshot: true, appium:udid: RZ8R30QM0BB, appium:viewportRect: {height: 2174, left: 0, top: 92, width: 1080}, appium:warnings: {}, appium:webStorageEnabled: false, platformName: ANDROID}
Session ID: 887940cb-f5ea-470c-8b81-e75843383ead
at org.openqa.selenium.remote.RemoteWebDriver.execute(RemoteWebDriver.java:567)
at org.openqa.selenium.remote.ElementLocation$ElementFinder$2.findElements(ElementLocation.java:179)
at org.openqa.selenium.remote.ElementLocation.findElements(ElementLocation.java:102)
at org.openqa.selenium.remote.RemoteWebDriver.findElements(RemoteWebDriver.java:367)
at org.openqa.selenium.remote.RemoteWebDriver.findElements(RemoteWebDriver.java:359)
at demartTests.ScroolTillElement.scroollAddToCart(ScroolTillElement.java:26)
at java.base/jdk.internal.reflect.NativeMethodAccessorImpl.invoke0(Native Method)
at java.base/jdk.internal.reflect.NativeMethodAccessorImpl.invoke(NativeMethodAccessorImpl.java:77)
at java.base/jdk.internal.reflect.DelegatingMethodAccessorImpl.invoke(DelegatingMethodAccessorImpl.java:43)
at java.base/java.lang.reflect.Method.invoke(Method.java:568)
at org.testng.internal.MethodInvocationHelper.invokeMethod(MethodInvocationHelper.java:124)
at org.testng.internal.Invoker.invokeMethod(Invoker.java:583)
at org.testng.internal.Invoker.invokeTestMethod(Invoker.java:719)
at org.testng.internal.Invoker.invokeTestMethods(Invoker.java:989)
at org.testng.internal.TestMethodWorker.invokeTestMethods(TestMethodWorker.java:125)
at org.testng.internal.TestMethodWorker.run(TestMethodWorker.java:109)
at org.testng.TestRunner.privateRun(TestRunner.java:648)
at org.testng.TestRunner.run(TestRunner.java:505)
at org.testng.SuiteRunner.runTest(SuiteRunner.java:455)
at org.testng.SuiteRunner.runSequentially(SuiteRunner.java:450)
at org.testng.SuiteRunner.privateRun(SuiteRunner.java:415)
at org.testng.SuiteRunner.run(SuiteRunner.java:364)
at org.testng.SuiteRunnerWorker.runSuite(SuiteRunnerWorker.java:52)
at org.testng.SuiteRunnerWorker.run(SuiteRunnerWorker.java:84)
at org.testng.TestNG.runSuitesSequentially(TestNG.java:1208)
at org.testng.TestNG.runSuitesLocally(TestNG.java:1137)
at org.testng.TestNG.runSuites(TestNG.java:1049)
at org.testng.TestNG.run(TestNG.java:1017)
at org.testng.remote.AbstractRemoteTestNG.run(AbstractRemoteTestNG.java:115)
at org.testng.remote.RemoteTestNG.initAndRun(RemoteTestNG.java:251)
at org.testng.remote.RemoteTestNG.main(RemoteTestNG.java:77)
Caused by: java.io.UncheckedIOException: org.asynchttpclient.exception.RemotelyClosedException: Remotely closed
at org.openqa.selenium.remote.http.netty.NettyHttpHandler.makeCall(NettyHttpHandler.java:73)
at io.appium.java_client.AppiumUserAgentFilter.lambda$apply$0(AppiumUserAgentFilter.java:88)
at org.openqa.selenium.remote.http.Filter.lambda$andFinally$1(Filter.java:56)
at org.openqa.selenium.remote.http.netty.NettyHttpHandler.execute(NettyHttpHandler.java:49)
at io.appium.java_client.AppiumUserAgentFilter.lambda$apply$0(AppiumUserAgentFilter.java:88)
at org.openqa.selenium.remote.http.Filter.lambda$andFinally$1(Filter.java:56)
at org.openqa.selenium.remote.http.netty.NettyClient.execute(NettyClient.java:99)
at org.openqa.selenium.remote.HttpCommandExecutor.execute(HttpCommandExecutor.java:181)
at io.appium.java_client.remote.AppiumCommandExecutor.execute(AppiumCommandExecutor.java:262)
at org.openqa.selenium.remote.RemoteWebDriver.execute(RemoteWebDriver.java:543)
... 30 more
Caused by: org.asynchttpclient.exception.RemotelyClosedException: Remotely closed
at org.asynchttpclient.exception.RemotelyClosedException.INSTANCE(Unknown Source)
]]>
            </full-stacktrace>
          </exception> <!-- org.openqa.selenium.remote.UnreachableBrowserException -->
          <reporter-output>
          </reporter-output>
        </test-method> <!-- scroollAddToCart -->
      </class> <!-- demartTests.ScroolTillElement -->
    </test> <!-- Default test -->
  </suite> <!-- Default suite -->
</testng-results>
